<?xml version="1.0" encoding="UTF-8"?>
<testng-results ignored="0" total="3" passed="3" failed="0" skipped="0">
  <reporter-output>
  </reporter-output>
  <suite started-at="2022-08-22T13:09:08 ART" name="Default suite" finished-at="2022-08-22T13:09:13 ART" duration-ms="4597">
    <groups>
    </groups>
    <test started-at="2022-08-22T13:09:08 ART" name="Default test" finished-at="2022-08-22T13:09:13 ART" duration-ms="4597">
      <class name="ApiTest">
        <test-method signature="testPetPost()[pri:0, instance:ApiTest@16aa0a0a]" started-at="2022-08-22T13:09:08 ART" name="testPetPost" finished-at="2022-08-22T13:09:11 ART" duration-ms="2582" status="PASS">
          <reporter-output>
          </reporter-output>
        </test-method> <!-- testPetPost -->
        <test-method signature="testPetsGet()[pri:0, instance:ApiTest@16aa0a0a]" started-at="2022-08-22T13:09:11 ART" name="testPetsGet" finished-at="2022-08-22T13:09:12 ART" duration-ms="997" status="PASS">
          <reporter-output>
          </reporter-output>
        </test-method> <!-- testPetsGet -->
        <test-method signature="testPetsPut()[pri:0, instance:ApiTest@16aa0a0a]" started-at="2022-08-22T13:09:12 ART" name="testPetsPut" finished-at="2022-08-22T13:09:13 ART" duration-ms="993" status="PASS">
          <reporter-output>
          </reporter-output>
        </test-method> <!-- testPetsPut -->
      </class> <!-- ApiTest -->
    </test> <!-- Default test -->
  </suite> <!-- Default suite -->
</testng-results>
